[ 2014-03-02T16:09:10+08:00 ] 127.0.0.1 /index.php
INFO: [ app_init ] --START--
INFO: Run Behavior\BuildLiteBehavior [ RunTime:0.000000s ]
INFO: [ app_init ] --END-- [ RunTime:0.000000s ]
INFO: [ app_begin ] --START--
INFO: Run Behavior\ReadHtmlCacheBehavior [ RunTime:0.000000s ]
INFO: [ app_begin ] --END-- [ RunTime:0.001000s ]
INFO: [ view_parse ] --START--
INFO: [ template_filter ] --START--
INFO: Run Behavior\ContentReplaceBehavior [ RunTime:0.000000s ]
INFO: [ template_filter ] --END-- [ RunTime:0.000000s ]
INFO: Run Behavior\ParseTemplateBehavior [ RunTime:0.009001s ]
INFO: [ view_parse ] --END-- [ RunTime:0.009001s ]
INFO: [ view_filter ] --START--
INFO: Run Behavior\WriteHtmlCacheBehavior [ RunTime:0.000000s ]
INFO: [ view_filter ] --END-- [ RunTime:0.000000s ]
INFO: [ app_end ] --START--
INFO: Run Behavior\ShowPageTraceBehavior [ RunTime:0.000000s ]
INFO: [ app_end ] --END-- [ RunTime:0.001000s ]

[ 2014-03-02T16:45:05+08:00 ] 127.0.0.1 /index.php
ERR: 无法加载缓存类型:CacheDb

[ 2014-03-02T16:46:02+08:00 ] 127.0.0.1 /index.php
ERR: 无法加载缓存类型:CacheDb

[ 2014-03-02T16:46:20+08:00 ] 127.0.0.1 /index.php
ERR: 无法加载缓存类型:Db

[ 2014-03-02T16:46:24+08:00 ] 127.0.0.1 /index.php
ERR: 无法加载缓存类型:CacheDb

